[07:04:2026]-[08:15:33]_secret_RUNNING
[07:04:2026]-[08:15:33]_secret_SUCCESS
[07:04:2026]-[08:15:33]_surprise_RUNNING
[07:04:2026]-[08:15:33]_surprise_SUCCESS
[07:04:2026]-[08:15:44]_secret_RUNNING
[07:04:2026]-[08:15:44]_secret_SUCCESS
[07:04:2026]-[08:15:44]_surprise_RUNNING
[07:04:2026]-[08:15:44]_surprise_SUCCESS
[07:04:2026]-[08:15:54]_secret_RUNNING
[07:04:2026]-[08:15:54]_secret_SUCCESS
[07:04:2026]-[08:15:54]_surprise_RUNNING
[07:04:2026]-[08:15:54]_surprise_SUCCESS
[07:04:2026]-[08:16:04]_secret_RUNNING
[07:04:2026]-[08:16:04]_secret_SUCCESS
[07:04:2026]-[08:16:04]_surprise_RUNNING
[07:04:2026]-[08:16:04]_surprise_SUCCESS
[07:04:2026]-[08:16:14]_secret_RUNNING
[07:04:2026]-[08:16:14]_secret_SUCCESS
[07:04:2026]-[08:16:14]_surprise_RUNNING
[07:04:2026]-[08:16:14]_surprise_SUCCESS
[07:04:2026]-[08:16:25]_secret_RUNNING
[07:04:2026]-[08:16:25]_secret_SUCCESS
[07:04:2026]-[08:16:25]_surprise_RUNNING
[07:04:2026]-[08:16:25]_surprise_SUCCESS
[07:04:2026]-[08:16:35]_secret_RUNNING
[07:04:2026]-[08:16:35]_secret_SUCCESS
[07:04:2026]-[08:16:35]_surprise_RUNNING
[07:04:2026]-[08:16:35]_surprise_SUCCESS
[07:04:2026]-[08:16:45]_secret_RUNNING
[07:04:2026]-[08:16:45]_secret_SUCCESS
[07:04:2026]-[08:16:45]_surprise_RUNNING
[07:04:2026]-[08:16:45]_surprise_SUCCESS
[07:04:2026]-[08:16:56]_secret_RUNNING
[07:04:2026]-[08:16:56]_secret_SUCCESS
[07:04:2026]-[08:16:56]_surprise_RUNNING
[07:04:2026]-[08:16:56]_surprise_SUCCESS
[07:04:2026]-[08:17:06]_secret_RUNNING
[07:04:2026]-[08:17:06]_secret_SUCCESS
[07:04:2026]-[08:17:06]_surprise_RUNNING
[07:04:2026]-[08:17:06]_surprise_SUCCESS
[07:04:2026]-[08:17:16]_secret_RUNNING
[07:04:2026]-[08:17:16]_secret_SUCCESS
[07:04:2026]-[08:17:16]_surprise_RUNNING
[07:04:2026]-[08:17:17]_surprise_SUCCESS
[07:04:2026]-[08:17:28]_secret_RUNNING
[07:04:2026]-[08:17:28]_secret_SUCCESS
[07:04:2026]-[08:17:28]_surprise_RUNNING
[07:04:2026]-[08:17:28]_surprise_SUCCESS
[07:04:2026]-[08:17:38]_secret_RUNNING
[07:04:2026]-[08:17:38]_secret_SUCCESS
[07:04:2026]-[08:17:38]_surprise_RUNNING
[07:04:2026]-[08:17:38]_surprise_SUCCESS
[07:04:2026]-[08:17:48]_secret_RUNNING
[07:04:2026]-[08:17:48]_secret_SUCCESS
[07:04:2026]-[08:17:48]_surprise_RUNNING
[07:04:2026]-[08:17:48]_surprise_SUCCESS
[07:04:2026]-[08:17:59]_secret_RUNNING
[07:04:2026]-[08:17:59]_secret_SUCCESS
[07:04:2026]-[08:17:59]_surprise_RUNNING
[07:04:2026]-[08:17:59]_surprise_SUCCESS
[07:04:2026]-[08:18:09]_secret_RUNNING
[07:04:2026]-[08:18:09]_secret_SUCCESS
[07:04:2026]-[08:18:09]_surprise_RUNNING
[07:04:2026]-[08:18:09]_surprise_SUCCESS
[07:04:2026]-[08:18:19]_secret_RUNNING
[07:04:2026]-[08:18:19]_secret_SUCCESS
[07:04:2026]-[08:18:19]_surprise_RUNNING
[07:04:2026]-[08:18:19]_surprise_SUCCESS
[07:04:2026]-[08:18:29]_secret_RUNNING
[07:04:2026]-[08:18:29]_secret_SUCCESS
[07:04:2026]-[08:18:29]_surprise_RUNNING
[07:04:2026]-[08:18:29]_surprise_SUCCESS
[07:04:2026]-[08:18:40]_secret_RUNNING
[07:04:2026]-[08:18:40]_secret_SUCCESS
[07:04:2026]-[08:18:40]_surprise_RUNNING
[07:04:2026]-[08:18:40]_surprise_SUCCESS
[07:04:2026]-[08:18:50]_secret_RUNNING
[07:04:2026]-[08:18:50]_secret_SUCCESS
[07:04:2026]-[08:18:50]_surprise_RUNNING
[07:04:2026]-[08:18:50]_surprise_SUCCESS
[07:04:2026]-[08:19:00]_secret_RUNNING
[07:04:2026]-[08:19:00]_secret_SUCCESS
[07:04:2026]-[08:19:00]_surprise_RUNNING
[07:04:2026]-[08:19:00]_surprise_SUCCESS
[07:04:2026]-[08:19:09]_decrypt_RUNNING
[07:04:2026]-[08:19:09]_decrypt_SUCCESS
[07:04:2026]-[08:19:12]_secret_RUNNING
[07:04:2026]-[08:19:12]_secret_SUCCESS
[07:04:2026]-[08:19:12]_surprise_RUNNING
[07:04:2026]-[08:19:12]_surprise_SUCCESS
[07:04:2026]-[08:19:22]_secret_RUNNING
[07:04:2026]-[08:19:22]_secret_SUCCESS
[07:04:2026]-[08:19:22]_surprise_RUNNING
[07:04:2026]-[08:19:22]_surprise_SUCCESS
[07:04:2026]-[08:19:32]_secret_RUNNING
[07:04:2026]-[08:19:32]_secret_SUCCESS
[07:04:2026]-[08:19:32]_surprise_RUNNING
[07:04:2026]-[08:19:32]_surprise_SUCCESS
[07:04:2026]-[08:19:43]_secret_RUNNING
[07:04:2026]-[08:19:43]_secret_SUCCESS
[07:04:2026]-[08:19:43]_surprise_RUNNING
[07:04:2026]-[08:19:43]_surprise_SUCCESS
[07:04:2026]-[08:19:53]_secret_RUNNING
[07:04:2026]-[08:19:53]_secret_SUCCESS
[07:04:2026]-[08:19:53]_surprise_RUNNING
[07:04:2026]-[08:19:53]_surprise_SUCCESS
[07:04:2026]-[08:20:03]_secret_RUNNING
[07:04:2026]-[08:20:03]_secret_SUCCESS
[07:04:2026]-[08:20:03]_surprise_RUNNING
[07:04:2026]-[08:20:03]_surprise_SUCCESS
[07:04:2026]-[08:20:14]_secret_RUNNING
[07:04:2026]-[08:20:14]_secret_SUCCESS
[07:04:2026]-[08:20:14]_surprise_RUNNING
[07:04:2026]-[08:20:14]_surprise_SUCCESS
[07:04:2026]-[08:20:24]_secret_RUNNING
[07:04:2026]-[08:20:24]_secret_SUCCESS
[07:04:2026]-[08:20:24]_surprise_RUNNING
[07:04:2026]-[08:20:24]_surprise_SUCCESS
[07:04:2026]-[08:20:34]_secret_RUNNING
[07:04:2026]-[08:20:34]_secret_SUCCESS
[07:04:2026]-[08:20:34]_surprise_RUNNING
[07:04:2026]-[08:20:34]_surprise_SUCCESS
[07:04:2026]-[08:20:44]_secret_RUNNING
[07:04:2026]-[08:20:44]_secret_SUCCESS
[07:04:2026]-[08:20:44]_surprise_RUNNING
[07:04:2026]-[08:20:44]_surprise_SUCCESS
[07:04:2026]-[08:20:55]_secret_RUNNING
[07:04:2026]-[08:20:55]_secret_SUCCESS
[07:04:2026]-[08:20:55]_surprise_RUNNING
[07:04:2026]-[08:20:55]_surprise_SUCCESS
[07:04:2026]-[08:21:05]_secret_RUNNING
[07:04:2026]-[08:21:05]_secret_SUCCESS
[07:04:2026]-[08:21:05]_surprise_RUNNING
[07:04:2026]-[08:21:05]_surprise_SUCCESS
[07:04:2026]-[08:21:15]_secret_RUNNING
[07:04:2026]-[08:21:15]_secret_SUCCESS
[07:04:2026]-[08:21:15]_surprise_RUNNING
[07:04:2026]-[08:21:15]_surprise_SUCCESS
[07:04:2026]-[08:21:27]_secret_RUNNING
[07:04:2026]-[08:21:27]_secret_SUCCESS
[07:04:2026]-[08:21:27]_surprise_RUNNING
[07:04:2026]-[08:21:27]_surprise_SUCCESS
[07:04:2026]-[08:21:37]_secret_RUNNING
[07:04:2026]-[08:21:37]_secret_SUCCESS
[07:04:2026]-[08:21:37]_surprise_RUNNING
[07:04:2026]-[08:21:37]_surprise_SUCCESS
[07:04:2026]-[08:21:47]_secret_RUNNING
[07:04:2026]-[08:21:47]_secret_SUCCESS
[07:04:2026]-[08:21:47]_surprise_RUNNING
[07:04:2026]-[08:21:47]_surprise_SUCCESS
[07:04:2026]-[08:21:58]_secret_RUNNING
[07:04:2026]-[08:21:58]_secret_SUCCESS
[07:04:2026]-[08:21:58]_surprise_RUNNING
[07:04:2026]-[08:21:58]_surprise_SUCCESS
[07:04:2026]-[08:22:08]_secret_RUNNING
[07:04:2026]-[08:22:08]_secret_SUCCESS
[07:04:2026]-[08:22:08]_surprise_RUNNING
[07:04:2026]-[08:22:08]_surprise_SUCCESS
[07:04:2026]-[08:22:15]_kill_RUNNING
[07:04:2026]-[08:22:15]_kill_SUCCESS
[07:04:2026]-[08:23:04]_decrypt_RUNNING
[07:04:2026]-[08:23:04]_decrypt_SUCCESS
[07:04:2026]-[19:25:39]_secret_RUNNING
[07:04:2026]-[19:25:39]_secret_SUCCESS
[07:04:2026]-[19:25:39]_surprise_RUNNING
[07:04:2026]-[19:25:39]_surprise_SUCCESS
[07:04:2026]-[19:25:50]_secret_RUNNING
[07:04:2026]-[19:25:50]_secret_SUCCESS
[07:04:2026]-[19:25:50]_surprise_RUNNING
[07:04:2026]-[19:25:50]_surprise_SUCCESS
[07:04:2026]-[19:26:00]_secret_RUNNING
[07:04:2026]-[19:26:00]_secret_SUCCESS
[07:04:2026]-[19:26:00]_surprise_RUNNING
[07:04:2026]-[19:26:00]_surprise_SUCCESS
[07:04:2026]-[19:26:10]_secret_RUNNING
[07:04:2026]-[19:26:10]_secret_SUCCESS
[07:04:2026]-[19:26:10]_surprise_RUNNING
[07:04:2026]-[19:26:10]_surprise_SUCCESS
[07:04:2026]-[19:26:20]_secret_RUNNING
[07:04:2026]-[19:26:20]_secret_SUCCESS
[07:04:2026]-[19:26:20]_surprise_RUNNING
[07:04:2026]-[19:26:20]_surprise_SUCCESS
[07:04:2026]-[19:26:30]_secret_RUNNING
[07:04:2026]-[19:26:30]_secret_SUCCESS
[07:04:2026]-[19:26:30]_surprise_RUNNING
[07:04:2026]-[19:26:30]_surprise_SUCCESS
[07:04:2026]-[19:26:41]_secret_RUNNING
[07:04:2026]-[19:26:42]_secret_SUCCESS
[07:04:2026]-[19:26:42]_surprise_RUNNING
[07:04:2026]-[19:26:42]_surprise_SUCCESS
[07:04:2026]-[19:26:52]_secret_RUNNING
[07:04:2026]-[19:26:52]_secret_SUCCESS
[07:04:2026]-[19:26:52]_surprise_RUNNING
[07:04:2026]-[19:26:52]_surprise_SUCCESS
[07:04:2026]-[19:27:02]_secret_RUNNING
[07:04:2026]-[19:27:02]_secret_SUCCESS
[07:04:2026]-[19:27:02]_surprise_RUNNING
[07:04:2026]-[19:27:02]_surprise_SUCCESS
[07:04:2026]-[19:27:13]_secret_RUNNING
[07:04:2026]-[19:27:13]_secret_SUCCESS
[07:04:2026]-[19:27:13]_surprise_RUNNING
[07:04:2026]-[19:27:13]_surprise_SUCCESS
[07:04:2026]-[19:27:23]_secret_RUNNING
[07:04:2026]-[19:27:23]_secret_SUCCESS
[07:04:2026]-[19:27:23]_surprise_RUNNING
[07:04:2026]-[19:27:23]_surprise_SUCCESS
[07:04:2026]-[19:27:33]_secret_RUNNING
[07:04:2026]-[19:27:33]_secret_SUCCESS
[07:04:2026]-[19:27:33]_surprise_RUNNING
[07:04:2026]-[19:27:33]_surprise_SUCCESS
[07:04:2026]-[19:27:44]_secret_RUNNING
[07:04:2026]-[19:27:44]_secret_SUCCESS
[07:04:2026]-[19:27:44]_surprise_RUNNING
[07:04:2026]-[19:27:44]_surprise_SUCCESS
[07:04:2026]-[19:27:54]_secret_RUNNING
[07:04:2026]-[19:27:54]_secret_SUCCESS
[07:04:2026]-[19:27:54]_surprise_RUNNING
[07:04:2026]-[19:27:54]_surprise_SUCCESS
[07:04:2026]-[19:28:04]_decrypt_RUNNING
[07:04:2026]-[19:28:04]_decrypt_SUCCESS
[07:04:2026]-[19:28:04]_secret_RUNNING
[07:04:2026]-[19:28:04]_secret_SUCCESS
[07:04:2026]-[19:28:04]_surprise_RUNNING
[07:04:2026]-[19:28:04]_surprise_SUCCESS
[07:04:2026]-[19:28:16]_secret_RUNNING
[07:04:2026]-[19:28:16]_secret_SUCCESS
[07:04:2026]-[19:28:16]_surprise_RUNNING
[07:04:2026]-[19:28:16]_surprise_SUCCESS
[07:04:2026]-[19:28:26]_secret_RUNNING
[07:04:2026]-[19:28:26]_secret_SUCCESS
[07:04:2026]-[19:28:26]_surprise_RUNNING
[07:04:2026]-[19:28:26]_surprise_SUCCESS
[07:04:2026]-[19:28:36]_secret_RUNNING
[07:04:2026]-[19:28:36]_secret_SUCCESS
[07:04:2026]-[19:28:36]_surprise_RUNNING
[07:04:2026]-[19:28:36]_surprise_SUCCESS
[07:04:2026]-[19:28:46]_secret_RUNNING
[07:04:2026]-[19:28:46]_secret_SUCCESS
[07:04:2026]-[19:28:46]_surprise_RUNNING
[07:04:2026]-[19:28:46]_surprise_SUCCESS
[07:04:2026]-[19:28:57]_secret_RUNNING
[07:04:2026]-[19:28:57]_secret_SUCCESS
[07:04:2026]-[19:28:57]_surprise_RUNNING
[07:04:2026]-[19:28:57]_surprise_SUCCESS
[07:04:2026]-[19:29:07]_secret_RUNNING
[07:04:2026]-[19:29:07]_secret_SUCCESS
[07:04:2026]-[19:29:07]_surprise_RUNNING
[07:04:2026]-[19:29:07]_surprise_SUCCESS
[07:04:2026]-[19:29:17]_secret_RUNNING
[07:04:2026]-[19:29:17]_secret_SUCCESS
[07:04:2026]-[19:29:17]_surprise_RUNNING
[07:04:2026]-[19:29:17]_surprise_SUCCESS
[07:04:2026]-[19:29:28]_secret_RUNNING
[07:04:2026]-[19:29:28]_secret_SUCCESS
[07:04:2026]-[19:29:28]_surprise_RUNNING
[07:04:2026]-[19:29:28]_surprise_SUCCESS
[07:04:2026]-[19:29:38]_secret_RUNNING
[07:04:2026]-[19:29:38]_secret_SUCCESS
[07:04:2026]-[19:29:38]_surprise_RUNNING
[07:04:2026]-[19:29:38]_surprise_SUCCESS
[07:04:2026]-[19:29:48]_secret_RUNNING
[07:04:2026]-[19:29:48]_secret_SUCCESS
[07:04:2026]-[19:29:48]_surprise_RUNNING
[07:04:2026]-[19:29:48]_surprise_SUCCESS
[07:04:2026]-[19:30:00]_secret_RUNNING
[07:04:2026]-[19:30:00]_secret_SUCCESS
[07:04:2026]-[19:30:00]_surprise_RUNNING
[07:04:2026]-[19:30:00]_surprise_SUCCESS
[07:04:2026]-[19:30:10]_secret_RUNNING
[07:04:2026]-[19:30:10]_secret_SUCCESS
[07:04:2026]-[19:30:10]_surprise_RUNNING
[07:04:2026]-[19:30:10]_surprise_SUCCESS
[07:04:2026]-[19:30:20]_secret_RUNNING
[07:04:2026]-[19:30:20]_secret_SUCCESS
[07:04:2026]-[19:30:20]_surprise_RUNNING
[07:04:2026]-[19:30:20]_surprise_SUCCESS
[07:04:2026]-[19:30:31]_secret_RUNNING
[07:04:2026]-[19:30:31]_secret_SUCCESS
[07:04:2026]-[19:30:31]_surprise_RUNNING
[07:04:2026]-[19:30:31]_surprise_SUCCESS
[07:04:2026]-[19:30:41]_secret_RUNNING
[07:04:2026]-[19:30:41]_secret_SUCCESS
[07:04:2026]-[19:30:41]_surprise_RUNNING
[07:04:2026]-[19:30:41]_surprise_SUCCESS
[07:04:2026]-[19:30:51]_secret_RUNNING
[07:04:2026]-[19:30:51]_secret_SUCCESS
[07:04:2026]-[19:30:51]_surprise_RUNNING
[07:04:2026]-[19:30:51]_surprise_SUCCESS
[07:04:2026]-[19:31:01]_secret_RUNNING
[07:04:2026]-[19:31:01]_secret_SUCCESS
[07:04:2026]-[19:31:01]_surprise_RUNNING
[07:04:2026]-[19:31:01]_surprise_SUCCESS
[07:04:2026]-[19:31:13]_secret_RUNNING
[07:04:2026]-[19:31:13]_secret_SUCCESS
[07:04:2026]-[19:31:13]_surprise_RUNNING
[07:04:2026]-[19:31:13]_surprise_SUCCESS
[07:04:2026]-[19:31:23]_secret_RUNNING
[07:04:2026]-[19:31:23]_secret_SUCCESS
[07:04:2026]-[19:31:23]_surprise_RUNNING
[07:04:2026]-[19:31:23]_surprise_SUCCESS
[07:04:2026]-[19:31:33]_secret_RUNNING
[07:04:2026]-[19:31:33]_secret_SUCCESS
[07:04:2026]-[19:31:33]_surprise_RUNNING
[07:04:2026]-[19:31:33]_surprise_SUCCESS
[07:04:2026]-[19:31:37]_kill_RUNNING
[07:04:2026]-[19:31:37]_kill_SUCCESS
[07:04:2026]-[19:32:32]_decrypt_RUNNING
[07:04:2026]-[19:32:32]_decrypt_SUCCESS
[07:04:2026]-[19:38:23]_decrypt_RUNNING
[07:04:2026]-[19:38:23]_decrypt_ERROR
[07:04:2026]-[19:38:29]_kill_RUNNING
[07:04:2026]-[19:38:29]_kill_ERROR
[07:04:2026]-[19:38:41]_secret_RUNNING
[07:04:2026]-[19:38:41]_secret_SUCCESS
[07:04:2026]-[19:38:41]_surprise_RUNNING
[07:04:2026]-[19:38:41]_surprise_SUCCESS
[07:04:2026]-[19:38:51]_secret_RUNNING
[07:04:2026]-[19:38:51]_secret_SUCCESS
[07:04:2026]-[19:38:51]_surprise_RUNNING
[07:04:2026]-[19:38:51]_surprise_SUCCESS
[07:04:2026]-[19:39:01]_secret_RUNNING
[07:04:2026]-[19:39:01]_secret_SUCCESS
[07:04:2026]-[19:39:01]_surprise_RUNNING
[07:04:2026]-[19:39:01]_surprise_SUCCESS
[07:04:2026]-[19:39:11]_secret_RUNNING
[07:04:2026]-[19:39:11]_secret_SUCCESS
[07:04:2026]-[19:39:11]_surprise_RUNNING
[07:04:2026]-[19:39:11]_surprise_SUCCESS
[07:04:2026]-[19:39:14]_kill_RUNNING
[07:04:2026]-[19:39:14]_kill_SUCCESS
[07:04:2026]-[19:39:34]_decrypt_RUNNING
[07:04:2026]-[19:39:34]_decrypt_SUCCESS
